<?xml version="1.0" encoding="UTF-8"?>
<!-- Generated by org.testng.reporters.JUnitXMLReporter -->
<testsuite ignored="0" hostname="Muthukumar" failures="0" tests="8" name="Default test" time="4.563" errors="0" timestamp="2023-11-21T22:22:01 IST">
  <testcase classname="TestExtentReport" name="errorTest" time="0.005"/>
  <testcase classname="TestExtentReport" name="failTest" time="0.001"/>
  <testcase classname="TestExtentReport" name="searchData" time="0.0"/>
  <testcase classname="TestExtentReport" name="skipTest" time="0.001"/>
  <testcase classname="TestExtentReport" name="verifyGmailLink" time="0.0"/>
  <testcase classname="TestExtentReport" name="verifyTitle" time="0.001"/>
  <testcase classname="TestExtentReport" name="verifyUrl" time="0.0"/>
  <testcase classname="TestExtentReport" name="warningTest" time="0.001"/>
</testsuite> <!-- Default test -->
